TN:
SF:lib/hellog.ts
FN:2,__name
FN:13,<static_initializer>
FN:13,Hellog
FN:25,get maxLevel
FN:27,get plugins
FN:28,get meta
FN:30,with
FN:35,_log
FN:46,trace
FN:52,debug
FN:52,info
FN:54,warn
FN:56,error
FNDA:1,__name
FNDA:1,<static_initializer>
FNDA:8,Hellog
FNDA:8,get maxLevel
FNDA:11,get plugins
FNDA:4,get meta
FNDA:0,with
FNDA:6,_log
FNDA:1,trace
FNDA:1,debug
FNDA:1,info
FNDA:1,warn
FNDA:2,error
FNF:13
FNH:12
BRDA:1,0,0,1
BRDA:2,1,0,1
BRDA:13,2,0,1
BRDA:13,3,0,8
BRDA:25,4,0,8
BRDA:27,5,0,7
BRDA:27,6,0,2
BRDA:27,7,0,11
BRDA:28,8,0,6
BRDA:28,9,0,5
BRDA:28,10,0,4
BRDA:30,11,0,3
BRDA:35,12,0,6
BRDA:38,13,0,4
BRDA:38,14,0,2
BRDA:46,15,0,1
BRDA:52,16,0,1
BRDA:52,17,0,1
BRDA:54,18,0,1
BRDA:56,19,0,2
BRF:20
BRH:20
DA:1,1
DA:2,1
DA:3,1
DA:4,1
DA:5,1
DA:6,1
DA:7,1
DA:8,1
DA:9,1
DA:10,1
DA:11,1
DA:12,1
DA:13,1
DA:14,1
DA:15,1
DA:16,1
DA:17,1
DA:18,1
DA:19,1
DA:20,1
DA:21,1
DA:22,1
DA:23,1
DA:24,1
DA:25,8
DA:26,8
DA:27,1
DA:28,1
DA:29,4
DA:30,1
DA:31,0
DA:32,0
DA:33,0
DA:34,0
DA:35,1
DA:36,6
DA:37,6
DA:38,6
DA:39,2
DA:40,2
DA:41,2
DA:42,2
DA:43,2
DA:44,2
DA:45,2
DA:46,1
DA:47,1
DA:48,1
DA:49,1
DA:50,1
DA:51,1
DA:52,1
DA:53,1
DA:54,1
DA:55,1
DA:56,1
DA:57,1
DA:58,1
DA:59,1
DA:60,1
DA:61,1
DA:62,1
DA:63,1
DA:64,1
DA:65,1
DA:66,1
DA:67,1
DA:68,1
DA:69,1
DA:70,1
DA:71,1
DA:72,1
DA:73,1
DA:74,1
DA:75,1
DA:76,1
DA:77,1
DA:78,1
DA:79,1
DA:80,1
DA:81,1
DA:82,1
DA:83,1
DA:84,1
DA:85,1
DA:86,1
DA:87,1
DA:88,1
DA:89,1
DA:90,1
DA:91,1
DA:92,1
DA:93,1
DA:94,1
DA:95,1
DA:96,1
DA:97,1
DA:98,1
DA:99,1
DA:100,1
DA:101,1
DA:102,1
DA:103,1
DA:104,1
DA:105,1
DA:106,1
DA:107,1
DA:108,1
DA:109,1
DA:110,1
DA:111,1
DA:112,1
DA:113,1
DA:114,1
DA:115,1
DA:116,1
DA:117,1
DA:118,1
DA:119,1
DA:120,1
DA:121,1
DA:122,1
DA:123,1
DA:124,1
DA:125,1
DA:126,1
DA:127,1
DA:128,1
DA:129,1
DA:130,1
LH:126
LF:130
end_of_record
SF:lib/levels.ts
FN:1,anonymous_0
FNDA:2,anonymous_0
FNF:1
FNH:1
BRDA:1,0,0,2
BRDA:1,1,0,2
BRF:2
BRH:2
DA:1,2
DA:2,2
DA:3,2
DA:4,2
DA:5,2
DA:6,2
DA:7,2
DA:8,2
DA:9,2
DA:10,2
DA:11,2
DA:12,2
DA:13,2
DA:14,2
DA:15,2
LH:15
LF:15
end_of_record
SF:lib/plugins.ts
FN:2,__name
FN:6,<static_initializer>
FN:6,format
FN:10,write
FN:10,<static_initializer>
FN:11,format
FN:19,<static_initializer>
FN:20,write
FN:30,<static_initializer>
FN:31,format
FN:41,<static_initializer>
FN:41,HellogLogFormatDefaultPlugin
FN:44,format
FN:76,<static_initializer>
FN:81,format
FN:89,<static_initializer>
FN:90,format
FNDA:14,__name
FNDA:2,<static_initializer>
FNDA:0,format
FNDA:1,write
FNDA:2,<static_initializer>
FNDA:2,format
FNDA:2,<static_initializer>
FNDA:0,write
FNDA:2,<static_initializer>
FNDA:1,format
FNDA:2,<static_initializer>
FNDA:3,HellogLogFormatDefaultPlugin
FNDA:12,format
FNDA:2,<static_initializer>
FNDA:2,format
FNDA:2,<static_initializer>
FNDA:5,format
FNF:17
FNH:16
BRDA:1,0,0,2
BRDA:2,1,0,14
BRDA:6,2,0,2
BRDA:10,3,0,1
BRDA:10,4,0,2
BRDA:11,5,0,1
BRDA:16,6,0,2
BRDA:19,7,0,2
BRDA:30,8,0,2
BRDA:31,9,0,1
BRDA:41,10,0,2
BRDA:41,11,0,3
BRDA:44,12,0,3
BRDA:46,13,0,1
BRDA:47,14,0,2
BRDA:47,15,0,1
BRDA:47,16,0,2
BRDA:49,17,0,1
BRDA:51,18,0,2
BRDA:67,19,0,12
BRDA:76,20,0,2
BRDA:81,21,0,2
BRDA:89,22,0,2
BRDA:90,23,0,2
BRDA:91,24,0,5
BRDA:91,25,0,1
BRF:26
BRH:26
DA:1,2
DA:2,2
DA:3,14
DA:4,2
DA:14,1
DA:15,1
DA:16,2
DA:17,2
DA:18,2
DA:19,2
DA:20,2
DA:21,0
DA:22,0
DA:23,0
DA:24,0
DA:25,0
DA:26,0
DA:27,0
DA:28,0
DA:29,2
DA:30,2
DA:31,2
DA:32,1
DA:33,1
DA:34,1
DA:35,1
DA:36,1
DA:37,1
DA:38,1
DA:39,1
DA:40,2
DA:41,2
DA:42,2
DA:43,2
DA:44,2
DA:45,3
DA:46,3
DA:47,3
DA:48,3
DA:49,3
DA:50,1
DA:51,3
DA:52,2
DA:53,2
DA:54,2
DA:55,3
DA:56,3
DA:57,3
DA:58,3
DA:59,3
DA:60,3
DA:61,3
DA:62,3
DA:63,3
DA:64,3
DA:65,3
DA:66,3
DA:67,3
DA:68,3
DA:69,3
DA:70,3
DA:71,3
DA:72,3
DA:73,3
DA:74,2
DA:75,2
DA:76,2
DA:77,2
DA:78,2
DA:79,2
DA:80,2
DA:81,2
DA:82,2
DA:83,2
DA:84,2
DA:85,2
DA:86,2
DA:87,2
DA:88,2
DA:89,2
DA:90,2
DA:91,2
DA:92,1
DA:93,1
DA:94,1
DA:95,1
DA:96,1
DA:97,1
DA:98,1
DA:99,2
DA:100,2
DA:101,2
DA:102,2
DA:103,2
DA:104,2
DA:105,2
DA:106,2
DA:107,2
DA:108,2
DA:109,2
DA:110,2
DA:111,2
DA:112,2
DA:113,2
DA:114,2
DA:115,2
DA:116,2
DA:117,2
DA:118,2
DA:119,2
DA:120,2
DA:121,2
DA:122,2
DA:123,2
DA:124,2
DA:125,2
DA:126,2
DA:127,2
DA:128,2
DA:129,2
DA:130,2
DA:131,2
DA:132,2
DA:133,2
DA:134,2
DA:135,2
DA:136,2
DA:137,2
DA:138,2
DA:139,2
DA:140,2
DA:141,2
DA:142,2
DA:143,2
DA:144,2
DA:145,2
DA:146,2
DA:147,2
DA:148,2
DA:149,2
DA:150,2
DA:151,2
DA:152,2
DA:153,2
DA:154,2
DA:155,2
DA:156,2
LH:148
LF:156
end_of_record
